<?xml version="1.0" encoding="UTF-8"?>
<!-- Generated by org.testng.reporters.JUnitReportReporter -->
<testsuite hostname="DESKTOP-70512PH" failures="0" tests="1" name="openBrowserAndQuitBrowser.OpenBrowserAndURL" time="15.543" errors="0" timestamp="2023-02-17T16:12:12 IST" skipped="0">
  <testcase classname="openBrowserAndQuitBrowser.OpenBrowserAndURL" name="openBrowserAndURL" time="15.543"/>
  <system-out/>
</testsuite> <!-- openBrowserAndQuitBrowser.OpenBrowserAndURL -->
